<testsuites id="" name="" tests="6" failures="0" skipped="0" errors="0" time="61.83812399999999">
<testsuite name="vehicleTest.spec.js" timestamp="2025-11-11T04:48:25.179Z" hostname="chromium" tests="6" failures="0" skipped="0" time="58.739" errors="0">
<testcase name="TS02 › TC_Login_001 - Login with valid credentials" classname="vehicleTest.spec.js" time="4.54">
</testcase>
<testcase name="TS02 › TC_Vehicle_001 - Verify that the Vehicle module loads successfully and displays vehicle data correctly." classname="vehicleTest.spec.js" time="9.968">
<system-out>
<![CDATA[Total Vehicle Cards: [33m13[39m
]]>
</system-out>
</testcase>
<testcase name="TS02 › TC_Vehicle_002 - Verify that the vehicle card displays the vehicle details." classname="vehicleTest.spec.js" time="4.239">
</testcase>
<testcase name="TS02 › TC_Vehicle_003 - Verify that the application allows updating the vehicle details with valid data." classname="vehicleTest.spec.js" time="13.005">
<system-out>
<![CDATA[Vehicle info updated successfully
]]>
</system-out>
</testcase>
<testcase name="TS02 › TC_Vehicle_004 - Ensure the application shows an alert message when updating vehicle details with invalid data." classname="vehicleTest.spec.js" time="20.995">
<system-out>
<![CDATA[Free way speed limit should be between 91 and 120
Non-freeway way speed limit should be between 50 and 90
]]>
</system-out>
</testcase>
<testcase name="TS02 › TC_Vehicle_005 - Verify that the Vehicle page displays an alert message when the user does not enter data in any field." classname="vehicleTest.spec.js" time="5.992">
<system-out>
<![CDATA[Select DOT inspection date
Select insurance expiry date
Select last service date
Enter Freeway overspeed limit
Enter Non-freeway overspeed limit
]]>
</system-out>
</testcase>
</testsuite>
</testsuites>